Flutter crash report; please file at https://github.com/flutter/flutter/issues.

## command

flutter --no-color packages get

## exception

_TypeError: type 'YamlMap' is not a subtype of type 'YamlList'

```
#0      _validateFlutter (package:flutter_tools/src/flutter_manifest.dart:354:28)
#1      _validate (package:flutter_tools/src/flutter_manifest.dart:312:9)
<asynchronous suspension>
#2      FlutterManifest._createFromYaml (package:flutter_tools/src/flutter_manifest.dart:45:40)
<asynchronous suspension>
#3      FlutterManifest.createFromString (package:flutter_tools/src/flutter_manifest.dart:40:12)
<asynchronous suspension>
#4      FlutterManifest.createFromPath (package:flutter_tools/src/flutter_manifest.dart:34:12)
<asynchronous suspension>
#5      FlutterProject._readManifest (package:flutter_tools/src/project.dart:153:60)
<asynchronous suspension>
#6      FlutterProject.fromDirectory (package:flutter_tools/src/project.dart:44:44)
<asynchronous suspension>
#7      FlutterProject.fromPath (package:flutter_tools/src/project.dart:59:58)
#8      PackagesGetCommand.runCommand (package:flutter_tools/src/commands/packages.dart:96:61)
<asynchronous suspension>
#9      FlutterCommand.verifyThenRunCommand (package:flutter_tools/src/runner/flutter_command.dart:559:18)
#10     _asyncThenWrapperHelper.<anonymous closure> (dart:async-patch/async_patch.dart:77:64)
#11     _rootRunUnary (dart:async/zone.dart:1132:38)
#12     _CustomZone.runUnary (dart:async/zone.dart:1029:19)
#13     _FutureListener.handleValue (dart:async/future_impl.dart:126:18)
#14     Future._propagateToListeners.handleValueCallback (dart:async/future_impl.dart:639:45)
#15     Future._propagateToListeners (dart:async/future_impl.dart:668:32)
#16     Future._complete (dart:async/future_impl.dart:473:7)
#17     _SyncCompleter.complete (dart:async/future_impl.dart:51:12)
#18     _AsyncAwaitCompleter.complete.<anonymous closure> (dart:async-patch/async_patch.dart:33:20)
#19     _rootRun (dart:async/zone.dart:1124:13)
#20     _CustomZone.run (dart:async/zone.dart:1021:19)
#21     _CustomZone.bindCallback.<anonymous closure> (dart:async/zone.dart:947:23)
#22     _microtaskLoop (dart:async/schedule_microtask.dart:41:21)
#23     _startMicrotaskLoop (dart:async/schedule_microtask.dart:50:5)
#24     _runPendingImmediateCallback (dart:isolate-patch/isolate_patch.dart:115:13)
#25     _RawReceivePortImpl._handleMessage (dart:isolate-patch/isolate_patch.dart:172:5)
```

## flutter doctor

```
[✓] Flutter (Channel stable, v1.5.4-hotfix.2, on Mac OS X 10.14.5 18F132, locale en-GB)
    • Flutter version 1.5.4-hotfix.2 at /Users/drillmaps/Developer/flutter
    • Framework revision 7a4c33425d (6 weeks ago), 2019-04-29 11:05:24 -0700
    • Engine revision 52c7a1e849
    • Dart version 2.3.0 (build 2.3.0-dev.0.5 a1668566e5)

[!] Android toolchain - develop for Android devices (Android SDK version 28.0.3)
    • Android SDK at /Users/drillmaps/Library/Android/sdk
    • Android NDK location not configured (optional; useful for native profiling support)
    • Platform android-28, build-tools 28.0.3
    • Java binary at: /Applications/Android Studio.app/Contents/jre/jdk/Contents/Home/bin/java
    • Java version OpenJDK Runtime Environment (build 1.8.0_152-release-1343-b01)
    ! Some Android licenses not accepted.  To resolve this, run: flutter doctor --android-licenses

[✓] iOS toolchain - develop for iOS devices (Xcode 10.2.1)
    • Xcode at /Applications/Xcode.app/Contents/Developer
    • Xcode 10.2.1, Build version 10E1001
    • ios-deploy 1.9.4
    • CocoaPods version 1.7.1

[✓] Android Studio (version 3.4)
    • Android Studio at /Applications/Android Studio.app/Contents
    • Flutter plugin version 35.3.1
    • Dart plugin version 183.6270
    • Java version OpenJDK Runtime Environment (build 1.8.0_152-release-1343-b01)

[!] VS Code (version 1.35.0)
    • VS Code at /Applications/Visual Studio Code.app/Contents
    ✗ Flutter extension not installed; install from
      https://marketplace.visualstudio.com/items?itemName=Dart-Code.flutter

[✓] Connected device (1 available)
    • iPhone Xʀ • 91E3EEBB-706C-4298-96F9-A394007F2F9C • ios • com.apple.CoreSimulator.SimRuntime.iOS-12-2 (simulator)

! Doctor found issues in 2 categories.
```
